<?xml version="1.0" encoding="UTF-8"?>
<coverage generated="1591134580767" clover="3.2.0">
  <project timestamp="1591134580767" name="All files">
    <metrics statements="13" coveredstatements="13" conditionals="0" coveredconditionals="0" methods="6" coveredmethods="5" elements="19" coveredelements="18" complexity="0" loc="13" ncloc="13" packages="1" files="3" classes="3"/>
    <file name="App.tsx" path="/Users/2mc/Desktop/projects/AdviceApp/src/components/App.tsx">
      <metrics statements="2" coveredstatements="2" conditionals="0" coveredconditionals="0" methods="1" coveredmethods="1"/>
      <line num="5" count="1" type="stmt"/>
      <line num="6" count="1" type="stmt"/>
    </file>
    <file name="Home.tsx" path="/Users/2mc/Desktop/projects/AdviceApp/src/components/Home.tsx">
      <metrics statements="10" coveredstatements="10" conditionals="0" coveredconditionals="0" methods="5" coveredmethods="4"/>
      <line num="8" count="2" type="stmt"/>
      <line num="10" count="2" type="stmt"/>
      <line num="11" count="2" type="stmt"/>
      <line num="13" count="2" type="stmt"/>
      <line num="14" count="2" type="stmt"/>
      <line num="17" count="2" type="stmt"/>
      <line num="18" count="1" type="stmt"/>
      <line num="21" count="2" type="stmt"/>
      <line num="22" count="1" type="stmt"/>
      <line num="25" count="2" type="stmt"/>
    </file>
    <file name="styles.ts" path="/Users/2mc/Desktop/projects/AdviceApp/src/components/styles.ts">
      <metrics statements="1" coveredstatements="1" conditionals="0" coveredconditionals="0" methods="0" coveredmethods="0"/>
      <line num="3" count="2" type="stmt"/>
    </file>
  </project>
</coverage>
