{"/Users/2mc/Desktop/projects/AdviceApp/src/components/App.tsx": {"path":"/Users/2mc/Desktop/projects/AdviceApp/src/components/App.tsx","statementMap":{"0":{"start":{"line":7,"column":14},"end":{"line":7,"column":36}},"1":{"start":{"line":9,"column":12},"end":{"line":17,"column":1}},"2":{"start":{"line":10,"column":2},"end":{"line":16,"column":4}}},"fnMap":{"0":{"name":"(anonymous_0)","decl":{"start":{"line":9,"column":12},"end":{"line":9,"column":13}},"loc":{"start":{"line":9,"column":18},"end":{"line":17,"column":1}},"line":9}},"branchMap":{},"s":{"0":1,"1":1,"2":1},"f":{"0":1},"b":{},"_coverageSchema":"43e27e138ebf9cfc5966b082cf9a028302ed4184","hash":"03e59df46e7710206acd34c2f811efb869670404"}
,"/Users/2mc/Desktop/projects/AdviceApp/src/components/Home.tsx": {"path":"/Users/2mc/Desktop/projects/AdviceApp/src/components/Home.tsx","statementMap":{"0":{"start":{"line":9,"column":13},"end":{"line":50,"column":1}},"1":{"start":{"line":10,"column":30},"end":{"line":10,"column":42}},"2":{"start":{"line":12,"column":20},"end":{"line":17,"column":8}},"3":{"start":{"line":13,"column":17},"end":{"line":13,"column":34}},"4":{"start":{"line":16,"column":4},"end":{"line":16,"column":27}},"5":{"start":{"line":19,"column":2},"end":{"line":21,"column":18}},"6":{"start":{"line":20,"column":4},"end":{"line":20,"column":16}},"7":{"start":{"line":23,"column":25},"end":{"line":25,"column":17}},"8":{"start":{"line":24,"column":4},"end":{"line":24,"column":16}},"9":{"start":{"line":27,"column":2},"end":{"line":49,"column":4}}},"fnMap":{"0":{"name":"(anonymous_0)","decl":{"start":{"line":9,"column":13},"end":{"line":9,"column":14}},"loc":{"start":{"line":9,"column":19},"end":{"line":50,"column":1}},"line":9},"1":{"name":"(anonymous_1)","decl":{"start":{"line":12,"column":32},"end":{"line":12,"column":33}},"loc":{"start":{"line":12,"column":44},"end":{"line":17,"column":3}},"line":12},"2":{"name":"(anonymous_2)","decl":{"start":{"line":19,"column":12},"end":{"line":19,"column":13}},"loc":{"start":{"line":19,"column":18},"end":{"line":21,"column":3}},"line":19},"3":{"name":"(anonymous_3)","decl":{"start":{"line":23,"column":37},"end":{"line":23,"column":38}},"loc":{"start":{"line":23,"column":43},"end":{"line":25,"column":3}},"line":23}},"branchMap":{},"s":{"0":2,"1":2,"2":2,"3":3,"4":0,"5":2,"6":2,"7":2,"8":1,"9":2},"f":{"0":2,"1":3,"2":2,"3":1},"b":{},"_coverageSchema":"43e27e138ebf9cfc5966b082cf9a028302ed4184","hash":"f49bd9f28f9063921c4ef476db86b6eb90b3689a"}
,"/Users/2mc/Desktop/projects/AdviceApp/src/components/styles.ts": {"path":"/Users/2mc/Desktop/projects/AdviceApp/src/components/styles.ts","statementMap":{"0":{"start":{"line":3,"column":22},"end":{"line":35,"column":2}}},"fnMap":{},"branchMap":{},"s":{"0":2},"f":{},"b":{},"_coverageSchema":"43e27e138ebf9cfc5966b082cf9a028302ed4184","hash":"17d69921ae583eb52f0755d8895f3bbd89cf4a93"}
,"/Users/2mc/Desktop/projects/AdviceApp/src/utils/fetch-data.ts": {"path":"/Users/2mc/Desktop/projects/AdviceApp/src/utils/fetch-data.ts","statementMap":{"0":{"start":{"line":3,"column":19},"end":{"line":3,"column":54}},"1":{"start":{"line":5,"column":25},"end":{"line":7,"column":1}},"2":{"start":{"line":6,"column":2},"end":{"line":6,"column":59}},"3":{"start":{"line":6,"column":44},"end":{"line":6,"column":57}}},"fnMap":{"0":{"name":"(anonymous_0)","decl":{"start":{"line":5,"column":25},"end":{"line":5,"column":26}},"loc":{"start":{"line":5,"column":37},"end":{"line":7,"column":1}},"line":5},"1":{"name":"(anonymous_1)","decl":{"start":{"line":6,"column":35},"end":{"line":6,"column":36}},"loc":{"start":{"line":6,"column":44},"end":{"line":6,"column":57}},"line":6}},"branchMap":{},"s":{"0":3,"1":3,"2":4,"3":1},"f":{"0":4,"1":1},"b":{},"_coverageSchema":"43e27e138ebf9cfc5966b082cf9a028302ed4184","hash":"b00c99ea9368584a4209256c2ead469ae2fdc453"}
}
