TN:
SF:/Users/2mc/Desktop/projects/AdviceApp/src/components/App.tsx
FN:5,(anonymous_0)
FNF:1
FNH:1
FNDA:1,(anonymous_0)
DA:5,1
DA:6,1
LF:2
LH:2
BRF:0
BRH:0
end_of_record
TN:
SF:/Users/2mc/Desktop/projects/AdviceApp/src/components/Home.tsx
FN:10,(anonymous_0)
FN:13,(anonymous_1)
FN:14,(anonymous_2)
FN:17,(anonymous_3)
FN:21,(anonymous_4)
FNF:5
FNH:1
FNDA:2,(anonymous_0)
FNDA:0,(anonymous_1)
FNDA:0,(anonymous_2)
FNDA:0,(anonymous_3)
FNDA:0,(anonymous_4)
DA:8,2
DA:10,2
DA:11,2
DA:13,2
DA:14,0
DA:17,2
DA:18,0
DA:21,2
DA:22,0
DA:25,2
LF:10
LH:7
BRF:0
BRH:0
end_of_record
TN:
SF:/Users/2mc/Desktop/projects/AdviceApp/src/components/styles.ts
FNF:0
FNH:0
DA:3,2
LF:1
LH:1
BRF:0
BRH:0
end_of_record
