TN:
SF:/Users/2mc/Desktop/projects/AdviceApp/src/components/App.tsx
FN:9,(anonymous_0)
FNF:1
FNH:1
FNDA:1,(anonymous_0)
DA:7,1
DA:9,1
DA:10,1
LF:3
LH:3
BRF:0
BRH:0
end_of_record
TN:
SF:/Users/2mc/Desktop/projects/AdviceApp/src/components/Home.tsx
FN:9,(anonymous_0)
FN:12,(anonymous_1)
FN:19,(anonymous_2)
FN:23,(anonymous_3)
FNF:4
FNH:4
FNDA:2,(anonymous_0)
FNDA:3,(anonymous_1)
FNDA:2,(anonymous_2)
FNDA:1,(anonymous_3)
DA:9,2
DA:10,2
DA:12,2
DA:13,3
DA:16,0
DA:19,2
DA:20,2
DA:23,2
DA:24,1
DA:27,2
LF:10
LH:9
BRF:0
BRH:0
end_of_record
TN:
SF:/Users/2mc/Desktop/projects/AdviceApp/src/components/styles.ts
FNF:0
FNH:0
DA:3,2
LF:1
LH:1
BRF:0
BRH:0
end_of_record
TN:
SF:/Users/2mc/Desktop/projects/AdviceApp/src/utils/fetch-data.ts
FN:5,(anonymous_0)
FN:6,(anonymous_1)
FNF:2
FNH:2
FNDA:4,(anonymous_0)
FNDA:1,(anonymous_1)
DA:3,3
DA:5,3
DA:6,4
LF:3
LH:3
BRF:0
BRH:0
end_of_record
